<?xml version="1.0" encoding="UTF-8"?>
<!-- Generated by org.testng.reporters.JUnitReportReporter -->
<testsuite hostname="DESKTOP-3N8OHH5" failures="0" tests="1" name="com.internet.tests.BrokenImagesTest" time="4.661" errors="0" timestamp="2024-12-09T19:08:03 CET" skipped="0">
  <testcase classname="com.internet.tests.BrokenImagesTest" name="checkBrokenImagesTest" time="4.661"/>
</testsuite> <!-- com.internet.tests.BrokenImagesTest -->
